build/app/intermediates/manifest_merge_blame_file/debug/manifest-merger-blame-debug-report.txt
1<?xml version="1.0" encoding="utf-8"?>
2<manifest xmlns:android="http://schemas.android.com/apk/res/android"
3    package="com.example.shop_app"
4    android:versionCode="1"
5    android:versionName="1.0.0" >
6
7    <uses-sdk
8        android:minSdkVersion="16"
9        android:targetSdkVersion="28" />
10    <!--
11         Flutter needs it to communicate with the running application
12         to allow setting breakpoints, to provide hot reload, etc.
13    -->
14    <uses-permission android:name="android.permission.INTERNET" />
14-->src\debug\AndroidManifest.xml:6:5-66
14-->src\debug\AndroidManifest.xml:6:22-64
15    <uses-permission android:name="android.permission.READ_SMS" />
15-->[:sms] AndroidManifest.xml:7:5-67
15-->[:sms] AndroidManifest.xml:7:22-64
16    <uses-permission android:name="android.permission.SEND_SMS" />
16-->[:sms] AndroidManifest.xml:8:5-67
16-->[:sms] AndroidManifest.xml:8:22-64
17    <uses-permission android:name="android.permission.RECEIVE_SMS" />
17-->[:sms] AndroidManifest.xml:9:5-70
17-->[:sms] AndroidManifest.xml:9:22-67
18    <uses-permission android:name="android.permission.READ_PHONE_STATE" />
18-->[:sms] AndroidManifest.xml:10:5-75
18-->[:sms] AndroidManifest.xml:10:22-72
19    <uses-permission android:name="android.permission.READ_CONTACTS" />
19-->[:sms] AndroidManifest.xml:11:5-72
19-->[:sms] AndroidManifest.xml:11:22-69
20    <uses-permission android:name="android.permission.READ_PROFILE" />
20-->[:sms] AndroidManifest.xml:12:5-71
20-->[:sms] AndroidManifest.xml:12:22-68
21    <!--
22 io.flutter.app.FlutterApplication is an android.app.Application that
23         calls FlutterMain.startInitialization(this); in its onCreate method.
24         In most cases you can leave this as-is, but you if you want to provide
25         additional functionality it is fine to subclass or reimplement
26         FlutterApplication and put your custom class here.
27    -->
28    <application
28-->src\main\AndroidManifest.xml:8:5-65:19
29        android:name="io.flutter.app.FlutterApplication"
29-->src\main\AndroidManifest.xml:9:9-57
30        android:appComponentFactory="androidx.core.app.CoreComponentFactory"
30-->[androidx.core:core:1.1.0] AndroidManifest.xml:24:18-86
31        android:debuggable="true"
32        android:icon="@mipmap/ic_launcher"
32-->src\main\AndroidManifest.xml:11:9-43
33        android:label="shop_app"
33-->src\main\AndroidManifest.xml:10:9-33
34        android:supportsRtl="true" >
34-->[com.facebook.android:facebook-login:5.5.1] AndroidManifest.xml:28:18-44
35        <activity
35-->src\main\AndroidManifest.xml:12:9-40:20
36            android:name="com.example.shop_app.MainActivity"
36-->src\main\AndroidManifest.xml:13:13-41
37            android:configChanges="orientation|keyboardHidden|keyboard|screenSize|smallestScreenSize|locale|layoutDirection|fontScale|screenLayout|density|uiMode"
37-->src\main\AndroidManifest.xml:16:13-163
38            android:hardwareAccelerated="true"
38-->src\main\AndroidManifest.xml:17:13-47
39            android:launchMode="singleTop"
39-->src\main\AndroidManifest.xml:14:13-43
40            android:theme="@style/LaunchTheme"
40-->src\main\AndroidManifest.xml:15:13-47
41            android:windowSoftInputMode="adjustResize" >
41-->src\main\AndroidManifest.xml:18:13-55
42
43            <!--
44                 Specifies an Android theme to apply to this Activity as soon as
45                 the Android process has started. This theme is visible to the user
46                 while the Flutter UI initializes. After that, this theme continues
47                 to determine the Window background behind the Flutter UI.
48            -->
49            <meta-data
49-->src\main\AndroidManifest.xml:23:13-26:17
50                android:name="io.flutter.embedding.android.NormalTheme"
50-->src\main\AndroidManifest.xml:24:15-70
51                android:resource="@style/NormalTheme" />
51-->src\main\AndroidManifest.xml:25:15-52
52            <!--
53                 Displays an Android View that continues showing the launch screen
54                 Drawable until Flutter paints its first frame, then this splash
55                 screen fades out. A splash screen is useful to avoid any visual
56                 gap between the end of Android's launch screen and the painting of
57                 Flutter's first frame.
58            -->
59            <meta-data
59-->src\main\AndroidManifest.xml:32:13-35:17
60                android:name="io.flutter.embedding.android.SplashScreenDrawable"
60-->src\main\AndroidManifest.xml:33:15-79
61                android:resource="@drawable/launch_background" />
61-->src\main\AndroidManifest.xml:34:15-61
62
63            <intent-filter>
63-->src\main\AndroidManifest.xml:36:13-39:29
64                <action android:name="android.intent.action.MAIN" />
64-->src\main\AndroidManifest.xml:37:17-68
64-->src\main\AndroidManifest.xml:37:25-66
65
66                <category android:name="android.intent.category.LAUNCHER" />
66-->src\main\AndroidManifest.xml:38:17-76
66-->src\main\AndroidManifest.xml:38:27-74
67            </intent-filter>
68        </activity>
69
70        <meta-data
70-->src\main\AndroidManifest.xml:42:9-43:54
71            android:name="com.facebook.sdk.ApplicationId"
71-->src\main\AndroidManifest.xml:42:20-65
72            android:value="@string/facebook_app_id" />
72-->src\main\AndroidManifest.xml:43:13-52
73
74        <activity
74-->src\main\AndroidManifest.xml:45:9-48:48
75            android:name="com.facebook.FacebookActivity"
75-->src\main\AndroidManifest.xml:45:19-63
76            android:configChanges="keyboard|keyboardHidden|screenLayout|screenSize|orientation"
76-->src\main\AndroidManifest.xml:46:13-114
77            android:label="@string/app_name"
77-->src\main\AndroidManifest.xml:48:13-45
78            android:theme="@style/com_facebook_activity_theme" />
78-->[com.facebook.android:facebook-common:5.5.1] AndroidManifest.xml:32:13-63
79        <activity
79-->src\main\AndroidManifest.xml:50:9-59:20
80            android:name="com.facebook.CustomTabActivity"
80-->src\main\AndroidManifest.xml:51:13-58
81            android:exported="true" >
81-->src\main\AndroidManifest.xml:52:13-36
82            <intent-filter>
82-->src\main\AndroidManifest.xml:53:13-58:29
83                <action android:name="android.intent.action.VIEW" />
83-->src\main\AndroidManifest.xml:54:17-69
83-->src\main\AndroidManifest.xml:54:25-66
84
85                <category android:name="android.intent.category.DEFAULT" />
85-->src\main\AndroidManifest.xml:55:17-76
85-->src\main\AndroidManifest.xml:55:27-73
86                <category android:name="android.intent.category.BROWSABLE" />
86-->src\main\AndroidManifest.xml:56:17-78
86-->src\main\AndroidManifest.xml:56:27-75
87
88                <data android:scheme="@string/fb_login_protocol_scheme" />
88-->src\main\AndroidManifest.xml:57:17-75
88-->src\main\AndroidManifest.xml:57:23-72
89            </intent-filter>
90        </activity>
91        <!--
92             Don't delete the meta-data below.
93             This is used by the Flutter tool to generate GeneratedPluginRegistrant.java
94        -->
95        <meta-data
95-->src\main\AndroidManifest.xml:62:9-64:33
96            android:name="flutterEmbedding"
96-->src\main\AndroidManifest.xml:63:13-44
97            android:value="2" />
97-->src\main\AndroidManifest.xml:64:13-30
98
99        <service
99-->[:firebase_auth] AndroidManifest.xml:8:9-12:19
100            android:name="com.google.firebase.components.ComponentDiscoveryService"
100-->[:firebase_auth] AndroidManifest.xml:8:18-89
101            android:directBootAware="true"
101-->[com.google.firebase:firebase-common:19.3.0] AndroidManifest.xml:34:13-43
102            android:exported="false" >
102-->[com.google.firebase:firebase-auth:19.2.0] AndroidManifest.xml:35:13-37
103            <meta-data
103-->[:firebase_auth] AndroidManifest.xml:9:13-11:85
104                android:name="com.google.firebase.components:io.flutter.plugins.firebaseauth.FlutterFirebaseAppRegistrar"
104-->[:firebase_auth] AndroidManifest.xml:10:17-122
105                android:value="com.google.firebase.components.ComponentRegistrar" />
105-->[:firebase_auth] AndroidManifest.xml:11:17-82
106            <meta-data
106-->[:firebase_core] AndroidManifest.xml:9:13-11:85
107                android:name="com.google.firebase.components:io.flutter.plugins.firebase.core.FlutterFirebaseAppRegistrar"
107-->[:firebase_core] AndroidManifest.xml:10:17-123
108                android:value="com.google.firebase.components.ComponentRegistrar" />
108-->[:firebase_core] AndroidManifest.xml:11:17-82
109            <meta-data
109-->[com.google.firebase:firebase-auth:19.2.0] AndroidManifest.xml:36:13-38:85
110                android:name="com.google.firebase.components:com.google.firebase.auth.FirebaseAuthRegistrar"
110-->[com.google.firebase:firebase-auth:19.2.0] AndroidManifest.xml:37:17-109
111                android:value="com.google.firebase.components.ComponentRegistrar" />
111-->[com.google.firebase:firebase-auth:19.2.0] AndroidManifest.xml:38:17-82
112        </service>
113
114        <activity
114-->[com.google.firebase:firebase-auth:19.2.0] AndroidManifest.xml:24:9-31:50
115            android:name="com.google.firebase.auth.internal.FederatedSignInActivity"
115-->[com.google.firebase:firebase-auth:19.2.0] AndroidManifest.xml:25:13-85
116            android:excludeFromRecents="true"
116-->[com.google.firebase:firebase-auth:19.2.0] AndroidManifest.xml:26:13-46
117            android:exported="true"
117-->[com.google.firebase:firebase-auth:19.2.0] AndroidManifest.xml:27:13-36
118            android:launchMode="singleTask"
118-->[com.google.firebase:firebase-auth:19.2.0] AndroidManifest.xml:28:13-44
119            android:permission="com.google.firebase.auth.api.gms.permission.LAUNCH_FEDERATED_SIGN_IN"
119-->[com.google.firebase:firebase-auth:19.2.0] AndroidManifest.xml:29:13-102
120            android:theme="@android:style/Theme.Translucent.NoTitleBar" />
120-->[com.google.firebase:firebase-auth:19.2.0] AndroidManifest.xml:30:13-72
121        <activity android:name="com.facebook.CustomTabMainActivity" />
121-->[com.facebook.android:facebook-common:5.5.1] AndroidManifest.xml:33:9-71
121-->[com.facebook.android:facebook-common:5.5.1] AndroidManifest.xml:33:19-68
122        <activity
122-->[com.google.android.gms:play-services-auth:16.0.1] AndroidManifest.xml:23:9-27:75
123            android:name="com.google.android.gms.auth.api.signin.internal.SignInHubActivity"
123-->[com.google.android.gms:play-services-auth:16.0.1] AndroidManifest.xml:24:13-93
124            android:excludeFromRecents="true"
124-->[com.google.android.gms:play-services-auth:16.0.1] AndroidManifest.xml:25:13-46
125            android:exported="false"
125-->[com.google.android.gms:play-services-auth:16.0.1] AndroidManifest.xml:26:13-37
126            android:theme="@android:style/Theme.Translucent.NoTitleBar" />
126-->[com.google.android.gms:play-services-auth:16.0.1] AndroidManifest.xml:27:13-72
127        <!--
128            Service handling Google Sign-In user revocation. For apps that do not integrate with
129            Google Sign-In, this service will never be started.
130        -->
131        <service
131-->[com.google.android.gms:play-services-auth:16.0.1] AndroidManifest.xml:33:9-36:110
132            android:name="com.google.android.gms.auth.api.signin.RevocationBoundService"
132-->[com.google.android.gms:play-services-auth:16.0.1] AndroidManifest.xml:34:13-89
133            android:exported="true"
133-->[com.google.android.gms:play-services-auth:16.0.1] AndroidManifest.xml:35:13-36
134            android:permission="com.google.android.gms.auth.api.signin.permission.REVOCATION_NOTIFICATION" />
134-->[com.google.android.gms:play-services-auth:16.0.1] AndroidManifest.xml:36:13-107
135
136        <activity
136-->[com.google.android.gms:play-services-base:17.1.0] AndroidManifest.xml:23:9-26:75
137            android:name="com.google.android.gms.common.api.GoogleApiActivity"
137-->[com.google.android.gms:play-services-base:17.1.0] AndroidManifest.xml:24:13-79
138            android:exported="false"
138-->[com.google.android.gms:play-services-base:17.1.0] AndroidManifest.xml:25:13-37
139            android:theme="@android:style/Theme.Translucent.NoTitleBar" />
139-->[com.google.android.gms:play-services-base:17.1.0] AndroidManifest.xml:26:13-72
140
141        <provider
141-->[com.google.firebase:firebase-common:19.3.0] AndroidManifest.xml:26:9-30:39
142            android:name="com.google.firebase.provider.FirebaseInitProvider"
142-->[com.google.firebase:firebase-common:19.3.0] AndroidManifest.xml:27:13-77
143            android:authorities="com.example.shop_app.firebaseinitprovider"
143-->[com.google.firebase:firebase-common:19.3.0] AndroidManifest.xml:28:13-72
144            android:exported="false"
144-->[com.google.firebase:firebase-common:19.3.0] AndroidManifest.xml:29:13-37
145            android:initOrder="100" />
145-->[com.google.firebase:firebase-common:19.3.0] AndroidManifest.xml:30:13-36
146
147        <meta-data
147-->[com.google.android.gms:play-services-basement:17.0.0] AndroidManifest.xml:23:9-25:69
148            android:name="com.google.android.gms.version"
148-->[com.google.android.gms:play-services-basement:17.0.0] AndroidManifest.xml:24:13-58
149            android:value="@integer/google_play_services_version" />
149-->[com.google.android.gms:play-services-basement:17.0.0] AndroidManifest.xml:25:13-66
150        <!--
151         The initialization ContentProvider will call FacebookSdk.sdkInitialize automatically
152         with the application context. This config is merged in with the host app's manifest,
153         but there can only be one provider with the same authority activated at any given
154         point; so if the end user has two or more different apps that use Facebook SDK, only the
155         first one will be able to use the provider. To work around this problem, we use the
156         following placeholder in the authority to identify each host application as if it was
157         a completely different provider.
158        -->
159        <provider
159-->[com.facebook.android:facebook-core:5.5.1] AndroidManifest.xml:39:9-42:40
160            android:name="com.facebook.internal.FacebookInitProvider"
160-->[com.facebook.android:facebook-core:5.5.1] AndroidManifest.xml:40:13-70
161            android:authorities="com.example.shop_app.FacebookInitProvider"
161-->[com.facebook.android:facebook-core:5.5.1] AndroidManifest.xml:41:13-72
162            android:exported="false" />
162-->[com.facebook.android:facebook-core:5.5.1] AndroidManifest.xml:42:13-37
163
164        <receiver
164-->[com.facebook.android:facebook-core:5.5.1] AndroidManifest.xml:44:9-50:20
165            android:name="com.facebook.CurrentAccessTokenExpirationBroadcastReceiver"
165-->[com.facebook.android:facebook-core:5.5.1] AndroidManifest.xml:45:13-86
166            android:exported="false" >
166-->[com.facebook.android:facebook-core:5.5.1] AndroidManifest.xml:46:13-37
167            <intent-filter>
167-->[com.facebook.android:facebook-core:5.5.1] AndroidManifest.xml:47:13-49:29
168                <action android:name="com.facebook.sdk.ACTION_CURRENT_ACCESS_TOKEN_CHANGED" />
168-->[com.facebook.android:facebook-core:5.5.1] AndroidManifest.xml:48:17-95
168-->[com.facebook.android:facebook-core:5.5.1] AndroidManifest.xml:48:25-92
169            </intent-filter>
170        </receiver>
171        <receiver
171-->[com.facebook.android:facebook-core:5.5.1] AndroidManifest.xml:51:9-58:20
172            android:name="com.facebook.CampaignTrackingReceiver"
172-->[com.facebook.android:facebook-core:5.5.1] AndroidManifest.xml:52:13-65
173            android:exported="true"
173-->[com.facebook.android:facebook-core:5.5.1] AndroidManifest.xml:53:13-36
174            android:permission="android.permission.INSTALL_PACKAGES" >
174-->[com.facebook.android:facebook-core:5.5.1] AndroidManifest.xml:54:13-69
175            <intent-filter>
175-->[com.facebook.android:facebook-core:5.5.1] AndroidManifest.xml:55:13-57:29
176                <action android:name="com.android.vending.INSTALL_REFERRER" />
176-->[com.facebook.android:facebook-core:5.5.1] AndroidManifest.xml:56:17-79
176-->[com.facebook.android:facebook-core:5.5.1] AndroidManifest.xml:56:25-76
177            </intent-filter>
178        </receiver>
179    </application>
180
181</manifest>